2013/11/06 12:40:01 [error] [php] date(): It is not safe to rely on the system's timezone settings. You are *required* to use the date.timezone setting or the date_default_timezone_set() function. In case you used any of those methods and you are still getting this warning, you most likely misspelled the timezone identifier. We selected the timezone 'UTC' for now, but please set date.timezone to select your timezone. (/Users/kola/Sites/yiiblog/protected/views/layouts/main.php:51)
Stack trace:
#0 /Users/kola/Sites/yiiblog/framework/web/CBaseController.php(95): SiteController->renderInternal()
#1 /Users/kola/Sites/yiiblog/framework/web/widgets/CContentDecorator.php(76): SiteController->renderFile()
#2 /Users/kola/Sites/yiiblog/framework/web/widgets/CContentDecorator.php(54): CContentDecorator->decorate()
#3 /Users/kola/Sites/yiiblog/framework/web/widgets/COutputProcessor.php(44): CContentDecorator->processOutput()
#4 /Users/kola/Sites/yiiblog/framework/web/CBaseController.php(206): CContentDecorator->run()
#5 /Users/kola/Sites/yiiblog/framework/web/CBaseController.php(300): SiteController->endWidget()
#6 /Users/kola/Sites/yiiblog/protected/views/layouts/column1.php(6): SiteController->endContent()
#7 /Users/kola/Sites/yiiblog/framework/web/CBaseController.php(126): require()
#8 /Users/kola/Sites/yiiblog/framework/web/CBaseController.php(95): SiteController->renderInternal()
#9 /Users/kola/Sites/yiiblog/framework/web/CController.php(784): SiteController->renderFile()
#10 /Users/kola/Sites/yiiblog/protected/controllers/SiteController.php(32): SiteController->render()
#11 /Users/kola/Sites/yiiblog/framework/web/actions/CInlineAction.php(49): SiteController->actionIndex()
#12 /Users/kola/Sites/yiiblog/framework/web/CController.php(308): CInlineAction->runWithParams()
#13 /Users/kola/Sites/yiiblog/framework/web/CController.php(286): SiteController->runAction()
#14 /Users/kola/Sites/yiiblog/framework/web/CController.php(265): SiteController->runActionWithFilters()
#15 /Users/kola/Sites/yiiblog/framework/web/CWebApplication.php(282): SiteController->run()
#16 /Users/kola/Sites/yiiblog/framework/web/CWebApplication.php(141): CWebApplication->runController()
#17 /Users/kola/Sites/yiiblog/framework/base/CApplication.php(180): CWebApplication->processRequest()
#18 /Users/kola/Sites/yiiblog/index.php(13): CWebApplication->run()
REQUEST_URI=/yiiblog/
in /Users/kola/Sites/yiiblog/protected/views/layouts/main.php (51)
in /Users/kola/Sites/yiiblog/protected/views/layouts/column1.php (6)
in /Users/kola/Sites/yiiblog/protected/controllers/SiteController.php (32)
2013/11/06 12:44:56 [error] [php] date(): It is not safe to rely on the system's timezone settings. You are *required* to use the date.timezone setting or the date_default_timezone_set() function. In case you used any of those methods and you are still getting this warning, you most likely misspelled the timezone identifier. We selected the timezone 'UTC' for now, but please set date.timezone to select your timezone. (/Users/kola/Sites/yiiblog/protected/views/layouts/main.php:51)
Stack trace:
#0 /Users/kola/Sites/yiiblog/framework/web/CBaseController.php(95): SiteController->renderInternal()
#1 /Users/kola/Sites/yiiblog/framework/web/widgets/CContentDecorator.php(76): SiteController->renderFile()
#2 /Users/kola/Sites/yiiblog/framework/web/widgets/CContentDecorator.php(54): CContentDecorator->decorate()
#3 /Users/kola/Sites/yiiblog/framework/web/widgets/COutputProcessor.php(44): CContentDecorator->processOutput()
#4 /Users/kola/Sites/yiiblog/framework/web/CBaseController.php(206): CContentDecorator->run()
#5 /Users/kola/Sites/yiiblog/framework/web/CBaseController.php(300): SiteController->endWidget()
#6 /Users/kola/Sites/yiiblog/protected/views/layouts/column1.php(6): SiteController->endContent()
#7 /Users/kola/Sites/yiiblog/framework/web/CBaseController.php(126): require()
#8 /Users/kola/Sites/yiiblog/framework/web/CBaseController.php(95): SiteController->renderInternal()
#9 /Users/kola/Sites/yiiblog/framework/web/CController.php(784): SiteController->renderFile()
#10 /Users/kola/Sites/yiiblog/protected/controllers/SiteController.php(32): SiteController->render()
#11 /Users/kola/Sites/yiiblog/framework/web/actions/CInlineAction.php(49): SiteController->actionIndex()
#12 /Users/kola/Sites/yiiblog/framework/web/CController.php(308): CInlineAction->runWithParams()
#13 /Users/kola/Sites/yiiblog/framework/web/CController.php(286): SiteController->runAction()
#14 /Users/kola/Sites/yiiblog/framework/web/CController.php(265): SiteController->runActionWithFilters()
#15 /Users/kola/Sites/yiiblog/framework/web/CWebApplication.php(282): SiteController->run()
#16 /Users/kola/Sites/yiiblog/framework/web/CWebApplication.php(141): CWebApplication->runController()
#17 /Users/kola/Sites/yiiblog/framework/base/CApplication.php(180): CWebApplication->processRequest()
#18 /Users/kola/Sites/yiiblog/index.php(13): CWebApplication->run()
REQUEST_URI=/yiiblog/
in /Users/kola/Sites/yiiblog/protected/views/layouts/main.php (51)
in /Users/kola/Sites/yiiblog/protected/views/layouts/column1.php (6)
in /Users/kola/Sites/yiiblog/protected/controllers/SiteController.php (32)
2013/11/07 21:49:31 [error] [exception.CDbException] exception 'CDbException' with message 'CDbConnection failed to open the DB connection: SQLSTATE[HY000] [2002] No such file or directory' in /Users/kola/Sites/yiiblog/framework/db/CDbConnection.php:382
Stack trace:
#0 /Users/kola/Sites/yiiblog/framework/db/CDbConnection.php(330): CDbConnection->open()
#1 /Users/kola/Sites/yiiblog/framework/db/CDbConnection.php(308): CDbConnection->setActive(true)
#2 /Users/kola/Sites/yiiblog/framework/base/CModule.php(387): CDbConnection->init()
#3 /Users/kola/Sites/yiiblog/framework/base/CApplication.php(450): CModule->getComponent('db')
#4 /Users/kola/Sites/yiiblog/framework/db/ar/CActiveRecord.php(634): CApplication->getDb()
#5 /Users/kola/Sites/yiiblog/framework/db/ar/CActiveRecord.php(667): CActiveRecord->getDbConnection()
#6 /Users/kola/Sites/yiiblog/framework/db/ar/CActiveRecord.php(1595): CActiveRecord->getCommandBuilder()
#7 /Users/kola/Sites/yiiblog/framework/web/CActiveDataProvider.php(228): CActiveRecord->count(Object(CDbCriteria))
#8 /Users/kola/Sites/yiiblog/framework/web/CDataProvider.php(224): CActiveDataProvider->calculateTotalItemCount()
#9 /Users/kola/Sites/yiiblog/framework/web/CActiveDataProvider.php(178): CDataProvider->getTotalItemCount()
#10 /Users/kola/Sites/yiiblog/framework/web/CDataProvider.php(168): CActiveDataProvider->fetchData()
#11 /Users/kola/Sites/yiiblog/framework/zii/widgets/CBaseListView.php(111): CDataProvider->getData()
#12 /Users/kola/Sites/yiiblog/framework/zii/widgets/CListView.php(211): CBaseListView->init()
#13 /Users/kola/Sites/yiiblog/framework/web/CBaseController.php(147): CListView->init()
#14 /Users/kola/Sites/yiiblog/framework/web/CBaseController.php(172): CBaseController->createWidget('zii.widgets.CLi...', Array)
#15 /Users/kola/Sites/yiiblog/protected/views/post/index.php(20): CBaseController->widget('zii.widgets.CLi...', Array)
#16 /Users/kola/Sites/yiiblog/framework/web/CBaseController.php(126): require('/Users/kola/Sit...')
#17 /Users/kola/Sites/yiiblog/framework/web/CBaseController.php(95): CBaseController->renderInternal('/Users/kola/Sit...', Array, true)
#18 /Users/kola/Sites/yiiblog/framework/web/CController.php(869): CBaseController->renderFile('/Users/kola/Sit...', Array, true)
#19 /Users/kola/Sites/yiiblog/framework/web/CController.php(782): CController->renderPartial('index', Array, true)
#20 /Users/kola/Sites/yiiblog/protected/controllers/PostController.php(128): CController->render('index', Array)
#21 /Users/kola/Sites/yiiblog/framework/web/actions/CInlineAction.php(49): PostController->actionIndex()
#22 /Users/kola/Sites/yiiblog/framework/web/CController.php(308): CInlineAction->runWithParams(Array)
#23 /Users/kola/Sites/yiiblog/framework/web/filters/CFilterChain.php(133): CController->runAction(Object(CInlineAction))
#24 /Users/kola/Sites/yiiblog/framework/web/filters/CFilter.php(40): CFilterChain->run()
#25 /Users/kola/Sites/yiiblog/framework/web/CController.php(1145): CFilter->filter(Object(CFilterChain))
#26 /Users/kola/Sites/yiiblog/framework/web/filters/CInlineFilter.php(58): CController->filterAccessControl(Object(CFilterChain))
#27 /Users/kola/Sites/yiiblog/framework/web/filters/CFilterChain.php(130): CInlineFilter->filter(Object(CFilterChain))
#28 /Users/kola/Sites/yiiblog/framework/web/CController.php(291): CFilterChain->run()
#29 /Users/kola/Sites/yiiblog/framework/web/CController.php(265): CController->runActionWithFilters(Object(CInlineAction), Array)
#30 /Users/kola/Sites/yiiblog/framework/web/CWebApplication.php(282): CController->run('index')
#31 /Users/kola/Sites/yiiblog/framework/web/CWebApplication.php(141): CWebApplication->runController('post/index')
#32 /Users/kola/Sites/yiiblog/framework/base/CApplication.php(180): CWebApplication->processRequest()
#33 /Users/kola/Sites/yiiblog/index.php(13): CApplication->run()
#34 {main}
REQUEST_URI=/yiiblog/index.php?r=post/index
---
2013/11/07 21:49:49 [error] [exception.CDbException] exception 'CDbException' with message 'CDbConnection failed to open the DB connection: SQLSTATE[HY000] [1049] Unknown database 'yiiblog'' in /Users/kola/Sites/yiiblog/framework/db/CDbConnection.php:382
Stack trace:
#0 /Users/kola/Sites/yiiblog/framework/db/CDbConnection.php(330): CDbConnection->open()
#1 /Users/kola/Sites/yiiblog/framework/db/CDbConnection.php(308): CDbConnection->setActive(true)
#2 /Users/kola/Sites/yiiblog/framework/base/CModule.php(387): CDbConnection->init()
#3 /Users/kola/Sites/yiiblog/framework/base/CApplication.php(450): CModule->getComponent('db')
#4 /Users/kola/Sites/yiiblog/framework/db/ar/CActiveRecord.php(634): CApplication->getDb()
#5 /Users/kola/Sites/yiiblog/framework/db/ar/CActiveRecord.php(667): CActiveRecord->getDbConnection()
#6 /Users/kola/Sites/yiiblog/framework/db/ar/CActiveRecord.php(1595): CActiveRecord->getCommandBuilder()
#7 /Users/kola/Sites/yiiblog/framework/web/CActiveDataProvider.php(228): CActiveRecord->count(Object(CDbCriteria))
#8 /Users/kola/Sites/yiiblog/framework/web/CDataProvider.php(224): CActiveDataProvider->calculateTotalItemCount()
#9 /Users/kola/Sites/yiiblog/framework/web/CActiveDataProvider.php(178): CDataProvider->getTotalItemCount()
#10 /Users/kola/Sites/yiiblog/framework/web/CDataProvider.php(168): CActiveDataProvider->fetchData()
#11 /Users/kola/Sites/yiiblog/framework/zii/widgets/CBaseListView.php(111): CDataProvider->getData()
#12 /Users/kola/Sites/yiiblog/framework/zii/widgets/CListView.php(211): CBaseListView->init()
#13 /Users/kola/Sites/yiiblog/framework/web/CBaseController.php(147): CListView->init()
#14 /Users/kola/Sites/yiiblog/framework/web/CBaseController.php(172): CBaseController->createWidget('zii.widgets.CLi...', Array)
#15 /Users/kola/Sites/yiiblog/protected/views/post/index.php(20): CBaseController->widget('zii.widgets.CLi...', Array)
#16 /Users/kola/Sites/yiiblog/framework/web/CBaseController.php(126): require('/Users/kola/Sit...')
#17 /Users/kola/Sites/yiiblog/framework/web/CBaseController.php(95): CBaseController->renderInternal('/Users/kola/Sit...', Array, true)
#18 /Users/kola/Sites/yiiblog/framework/web/CController.php(869): CBaseController->renderFile('/Users/kola/Sit...', Array, true)
#19 /Users/kola/Sites/yiiblog/framework/web/CController.php(782): CController->renderPartial('index', Array, true)
#20 /Users/kola/Sites/yiiblog/protected/controllers/PostController.php(128): CController->render('index', Array)
#21 /Users/kola/Sites/yiiblog/framework/web/actions/CInlineAction.php(49): PostController->actionIndex()
#22 /Users/kola/Sites/yiiblog/framework/web/CController.php(308): CInlineAction->runWithParams(Array)
#23 /Users/kola/Sites/yiiblog/framework/web/filters/CFilterChain.php(133): CController->runAction(Object(CInlineAction))
#24 /Users/kola/Sites/yiiblog/framework/web/filters/CFilter.php(40): CFilterChain->run()
#25 /Users/kola/Sites/yiiblog/framework/web/CController.php(1145): CFilter->filter(Object(CFilterChain))
#26 /Users/kola/Sites/yiiblog/framework/web/filters/CInlineFilter.php(58): CController->filterAccessControl(Object(CFilterChain))
#27 /Users/kola/Sites/yiiblog/framework/web/filters/CFilterChain.php(130): CInlineFilter->filter(Object(CFilterChain))
#28 /Users/kola/Sites/yiiblog/framework/web/CController.php(291): CFilterChain->run()
#29 /Users/kola/Sites/yiiblog/framework/web/CController.php(265): CController->runActionWithFilters(Object(CInlineAction), Array)
#30 /Users/kola/Sites/yiiblog/framework/web/CWebApplication.php(282): CController->run('index')
#31 /Users/kola/Sites/yiiblog/framework/web/CWebApplication.php(141): CWebApplication->runController('post/index')
#32 /Users/kola/Sites/yiiblog/framework/base/CApplication.php(180): CWebApplication->processRequest()
#33 /Users/kola/Sites/yiiblog/index.php(13): CApplication->run()
#34 {main}
REQUEST_URI=/yiiblog/index.php?r=post/index
---
2013/11/07 22:26:13 [error] [exception.CDbException] exception 'CDbException' with message 'CDbConnection failed to open the DB connection: SQLSTATE[HY000] [1049] Unknown database 'yiiblog'' in /Users/kola/Sites/yiiblog/framework/db/CDbConnection.php:382
Stack trace:
#0 /Users/kola/Sites/yiiblog/framework/db/CDbConnection.php(330): CDbConnection->open()
#1 /Users/kola/Sites/yiiblog/framework/db/CDbConnection.php(308): CDbConnection->setActive(true)
#2 /Users/kola/Sites/yiiblog/framework/base/CModule.php(387): CDbConnection->init()
#3 /Users/kola/Sites/yiiblog/framework/base/CApplication.php(450): CModule->getComponent('db')
#4 /Users/kola/Sites/yiiblog/framework/db/ar/CActiveRecord.php(634): CApplication->getDb()
#5 /Users/kola/Sites/yiiblog/framework/db/ar/CActiveRecord.php(667): CActiveRecord->getDbConnection()
#6 /Users/kola/Sites/yiiblog/framework/db/ar/CActiveRecord.php(1595): CActiveRecord->getCommandBuilder()
#7 /Users/kola/Sites/yiiblog/framework/web/CActiveDataProvider.php(228): CActiveRecord->count(Object(CDbCriteria))
#8 /Users/kola/Sites/yiiblog/framework/web/CDataProvider.php(224): CActiveDataProvider->calculateTotalItemCount()
#9 /Users/kola/Sites/yiiblog/framework/web/CActiveDataProvider.php(178): CDataProvider->getTotalItemCount()
#10 /Users/kola/Sites/yiiblog/framework/web/CDataProvider.php(168): CActiveDataProvider->fetchData()
#11 /Users/kola/Sites/yiiblog/framework/zii/widgets/CBaseListView.php(111): CDataProvider->getData()
#12 /Users/kola/Sites/yiiblog/framework/zii/widgets/CListView.php(211): CBaseListView->init()
#13 /Users/kola/Sites/yiiblog/framework/web/CBaseController.php(147): CListView->init()
#14 /Users/kola/Sites/yiiblog/framework/web/CBaseController.php(172): CBaseController->createWidget('zii.widgets.CLi...', Array)
#15 /Users/kola/Sites/yiiblog/protected/views/post/index.php(20): CBaseController->widget('zii.widgets.CLi...', Array)
#16 /Users/kola/Sites/yiiblog/framework/web/CBaseController.php(126): require('/Users/kola/Sit...')
#17 /Users/kola/Sites/yiiblog/framework/web/CBaseController.php(95): CBaseController->renderInternal('/Users/kola/Sit...', Array, true)
#18 /Users/kola/Sites/yiiblog/framework/web/CController.php(869): CBaseController->renderFile('/Users/kola/Sit...', Array, true)
#19 /Users/kola/Sites/yiiblog/framework/web/CController.php(782): CController->renderPartial('index', Array, true)
#20 /Users/kola/Sites/yiiblog/protected/controllers/PostController.php(128): CController->render('index', Array)
#21 /Users/kola/Sites/yiiblog/framework/web/actions/CInlineAction.php(49): PostController->actionIndex()
#22 /Users/kola/Sites/yiiblog/framework/web/CController.php(308): CInlineAction->runWithParams(Array)
#23 /Users/kola/Sites/yiiblog/framework/web/filters/CFilterChain.php(133): CController->runAction(Object(CInlineAction))
#24 /Users/kola/Sites/yiiblog/framework/web/filters/CFilter.php(40): CFilterChain->run()
#25 /Users/kola/Sites/yiiblog/framework/web/CController.php(1145): CFilter->filter(Object(CFilterChain))
#26 /Users/kola/Sites/yiiblog/framework/web/filters/CInlineFilter.php(58): CController->filterAccessControl(Object(CFilterChain))
#27 /Users/kola/Sites/yiiblog/framework/web/filters/CFilterChain.php(130): CInlineFilter->filter(Object(CFilterChain))
#28 /Users/kola/Sites/yiiblog/framework/web/CController.php(291): CFilterChain->run()
#29 /Users/kola/Sites/yiiblog/framework/web/CController.php(265): CController->runActionWithFilters(Object(CInlineAction), Array)
#30 /Users/kola/Sites/yiiblog/framework/web/CWebApplication.php(282): CController->run('index')
#31 /Users/kola/Sites/yiiblog/framework/web/CWebApplication.php(141): CWebApplication->runController('post/index')
#32 /Users/kola/Sites/yiiblog/framework/base/CApplication.php(180): CWebApplication->processRequest()
#33 /Users/kola/Sites/yiiblog/index.php(13): CApplication->run()
#34 {main}
REQUEST_URI=/yiiblog/index.php?r=post/index
---
2013/11/07 22:51:40 [error] [exception.CDbException] exception 'CDbException' with message 'CDbConnection failed to open the DB connection: SQLSTATE[HY000] [1049] Unknown database 'yiiblog'' in /Users/kola/Sites/yiiblog/framework/db/CDbConnection.php:382
Stack trace:
#0 /Users/kola/Sites/yiiblog/framework/db/CDbConnection.php(330): CDbConnection->open()
#1 /Users/kola/Sites/yiiblog/framework/db/CDbConnection.php(308): CDbConnection->setActive(true)
#2 /Users/kola/Sites/yiiblog/framework/base/CModule.php(387): CDbConnection->init()
#3 /Users/kola/Sites/yiiblog/framework/base/CApplication.php(450): CModule->getComponent('db')
#4 /Users/kola/Sites/yiiblog/framework/db/ar/CActiveRecord.php(634): CApplication->getDb()
#5 /Users/kola/Sites/yiiblog/framework/db/ar/CActiveRecord.php(667): CActiveRecord->getDbConnection()
#6 /Users/kola/Sites/yiiblog/framework/db/ar/CActiveRecord.php(1595): CActiveRecord->getCommandBuilder()
#7 /Users/kola/Sites/yiiblog/framework/web/CActiveDataProvider.php(228): CActiveRecord->count(Object(CDbCriteria))
#8 /Users/kola/Sites/yiiblog/framework/web/CDataProvider.php(224): CActiveDataProvider->calculateTotalItemCount()
#9 /Users/kola/Sites/yiiblog/framework/web/CActiveDataProvider.php(178): CDataProvider->getTotalItemCount()
#10 /Users/kola/Sites/yiiblog/framework/web/CDataProvider.php(168): CActiveDataProvider->fetchData()
#11 /Users/kola/Sites/yiiblog/framework/zii/widgets/CBaseListView.php(111): CDataProvider->getData()
#12 /Users/kola/Sites/yiiblog/framework/zii/widgets/CListView.php(211): CBaseListView->init()
#13 /Users/kola/Sites/yiiblog/framework/web/CBaseController.php(147): CListView->init()
#14 /Users/kola/Sites/yiiblog/framework/web/CBaseController.php(172): CBaseController->createWidget('zii.widgets.CLi...', Array)
#15 /Users/kola/Sites/yiiblog/protected/views/post/index.php(20): CBaseController->widget('zii.widgets.CLi...', Array)
#16 /Users/kola/Sites/yiiblog/framework/web/CBaseController.php(126): require('/Users/kola/Sit...')
#17 /Users/kola/Sites/yiiblog/framework/web/CBaseController.php(95): CBaseController->renderInternal('/Users/kola/Sit...', Array, true)
#18 /Users/kola/Sites/yiiblog/framework/web/CController.php(869): CBaseController->renderFile('/Users/kola/Sit...', Array, true)
#19 /Users/kola/Sites/yiiblog/framework/web/CController.php(782): CController->renderPartial('index', Array, true)
#20 /Users/kola/Sites/yiiblog/protected/controllers/PostController.php(128): CController->render('index', Array)
#21 /Users/kola/Sites/yiiblog/framework/web/actions/CInlineAction.php(49): PostController->actionIndex()
#22 /Users/kola/Sites/yiiblog/framework/web/CController.php(308): CInlineAction->runWithParams(Array)
#23 /Users/kola/Sites/yiiblog/framework/web/filters/CFilterChain.php(133): CController->runAction(Object(CInlineAction))
#24 /Users/kola/Sites/yiiblog/framework/web/filters/CFilter.php(40): CFilterChain->run()
#25 /Users/kola/Sites/yiiblog/framework/web/CController.php(1145): CFilter->filter(Object(CFilterChain))
#26 /Users/kola/Sites/yiiblog/framework/web/filters/CInlineFilter.php(58): CController->filterAccessControl(Object(CFilterChain))
#27 /Users/kola/Sites/yiiblog/framework/web/filters/CFilterChain.php(130): CInlineFilter->filter(Object(CFilterChain))
#28 /Users/kola/Sites/yiiblog/framework/web/CController.php(291): CFilterChain->run()
#29 /Users/kola/Sites/yiiblog/framework/web/CController.php(265): CController->runActionWithFilters(Object(CInlineAction), Array)
#30 /Users/kola/Sites/yiiblog/framework/web/CWebApplication.php(282): CController->run('index')
#31 /Users/kola/Sites/yiiblog/framework/web/CWebApplication.php(141): CWebApplication->runController('post/index')
#32 /Users/kola/Sites/yiiblog/framework/base/CApplication.php(180): CWebApplication->processRequest()
#33 /Users/kola/Sites/yiiblog/index.php(13): CApplication->run()
#34 {main}
REQUEST_URI=/yiiblog/index.php?r=post/index
---
2013/11/07 23:40:32 [error] [exception.CDbException] exception 'CDbException' with message 'CDbConnection failed to open the DB connection: SQLSTATE[HY000] [1049] Unknown database 'yiiblog'' in /Users/kola/Sites/yiiblog/framework/db/CDbConnection.php:382
Stack trace:
#0 /Users/kola/Sites/yiiblog/framework/db/CDbConnection.php(330): CDbConnection->open()
#1 /Users/kola/Sites/yiiblog/framework/db/CDbConnection.php(308): CDbConnection->setActive(true)
#2 /Users/kola/Sites/yiiblog/framework/base/CModule.php(387): CDbConnection->init()
#3 /Users/kola/Sites/yiiblog/framework/base/CApplication.php(450): CModule->getComponent('db')
#4 /Users/kola/Sites/yiiblog/framework/db/ar/CActiveRecord.php(634): CApplication->getDb()
#5 /Users/kola/Sites/yiiblog/framework/db/ar/CActiveRecord.php(667): CActiveRecord->getDbConnection()
#6 /Users/kola/Sites/yiiblog/framework/db/ar/CActiveRecord.php(1595): CActiveRecord->getCommandBuilder()
#7 /Users/kola/Sites/yiiblog/framework/web/CActiveDataProvider.php(228): CActiveRecord->count(Object(CDbCriteria))
#8 /Users/kola/Sites/yiiblog/framework/web/CDataProvider.php(224): CActiveDataProvider->calculateTotalItemCount()
#9 /Users/kola/Sites/yiiblog/framework/web/CActiveDataProvider.php(178): CDataProvider->getTotalItemCount()
#10 /Users/kola/Sites/yiiblog/framework/web/CDataProvider.php(168): CActiveDataProvider->fetchData()
#11 /Users/kola/Sites/yiiblog/framework/zii/widgets/CBaseListView.php(111): CDataProvider->getData()
#12 /Users/kola/Sites/yiiblog/framework/zii/widgets/CListView.php(211): CBaseListView->init()
#13 /Users/kola/Sites/yiiblog/framework/web/CBaseController.php(147): CListView->init()
#14 /Users/kola/Sites/yiiblog/framework/web/CBaseController.php(172): CBaseController->createWidget('zii.widgets.CLi...', Array)
#15 /Users/kola/Sites/yiiblog/protected/views/post/index.php(20): CBaseController->widget('zii.widgets.CLi...', Array)
#16 /Users/kola/Sites/yiiblog/framework/web/CBaseController.php(126): require('/Users/kola/Sit...')
#17 /Users/kola/Sites/yiiblog/framework/web/CBaseController.php(95): CBaseController->renderInternal('/Users/kola/Sit...', Array, true)
#18 /Users/kola/Sites/yiiblog/framework/web/CController.php(869): CBaseController->renderFile('/Users/kola/Sit...', Array, true)
#19 /Users/kola/Sites/yiiblog/framework/web/CController.php(782): CController->renderPartial('index', Array, true)
#20 /Users/kola/Sites/yiiblog/protected/controllers/PostController.php(128): CController->render('index', Array)
#21 /Users/kola/Sites/yiiblog/framework/web/actions/CInlineAction.php(49): PostController->actionIndex()
#22 /Users/kola/Sites/yiiblog/framework/web/CController.php(308): CInlineAction->runWithParams(Array)
#23 /Users/kola/Sites/yiiblog/framework/web/filters/CFilterChain.php(133): CController->runAction(Object(CInlineAction))
#24 /Users/kola/Sites/yiiblog/framework/web/filters/CFilter.php(40): CFilterChain->run()
#25 /Users/kola/Sites/yiiblog/framework/web/CController.php(1145): CFilter->filter(Object(CFilterChain))
#26 /Users/kola/Sites/yiiblog/framework/web/filters/CInlineFilter.php(58): CController->filterAccessControl(Object(CFilterChain))
#27 /Users/kola/Sites/yiiblog/framework/web/filters/CFilterChain.php(130): CInlineFilter->filter(Object(CFilterChain))
#28 /Users/kola/Sites/yiiblog/framework/web/CController.php(291): CFilterChain->run()
#29 /Users/kola/Sites/yiiblog/framework/web/CController.php(265): CController->runActionWithFilters(Object(CInlineAction), Array)
#30 /Users/kola/Sites/yiiblog/framework/web/CWebApplication.php(282): CController->run('index')
#31 /Users/kola/Sites/yiiblog/framework/web/CWebApplication.php(141): CWebApplication->runController('post/index')
#32 /Users/kola/Sites/yiiblog/framework/base/CApplication.php(180): CWebApplication->processRequest()
#33 /Users/kola/Sites/yiiblog/index.php(13): CApplication->run()
#34 {main}
REQUEST_URI=/yiiblog/index.php?r=post/index
---
2013/11/07 23:54:47 [error] [exception.CException] exception 'CException' with message 'CAssetManager.basePath "/Users/kola/Sites/yiiblog/assets" is invalid. Please make sure the directory exists and is writable by the Web server process.' in /Users/kola/Sites/yiiblog/framework/web/CAssetManager.php:138
Stack trace:
#0 /Users/kola/Sites/yiiblog/framework/web/CAssetManager.php(123): CAssetManager->setBasePath('/Users/kola/Sit...')
#1 /Users/kola/Sites/yiiblog/framework/web/CAssetManager.php(217): CAssetManager->getBasePath()
#2 /Users/kola/Sites/yiiblog/framework/zii/widgets/CListView.php(217): CAssetManager->publish('/Users/kola/Sit...')
#3 /Users/kola/Sites/yiiblog/framework/web/CBaseController.php(147): CListView->init()
#4 /Users/kola/Sites/yiiblog/framework/web/CBaseController.php(172): CBaseController->createWidget('zii.widgets.CLi...', Array)
#5 /Users/kola/Sites/yiiblog/protected/views/post/index.php(20): CBaseController->widget('zii.widgets.CLi...', Array)
#6 /Users/kola/Sites/yiiblog/framework/web/CBaseController.php(126): require('/Users/kola/Sit...')
#7 /Users/kola/Sites/yiiblog/framework/web/CBaseController.php(95): CBaseController->renderInternal('/Users/kola/Sit...', Array, true)
#8 /Users/kola/Sites/yiiblog/framework/web/CController.php(869): CBaseController->renderFile('/Users/kola/Sit...', Array, true)
#9 /Users/kola/Sites/yiiblog/framework/web/CController.php(782): CController->renderPartial('index', Array, true)
#10 /Users/kola/Sites/yiiblog/protected/controllers/PostController.php(128): CController->render('index', Array)
#11 /Users/kola/Sites/yiiblog/framework/web/actions/CInlineAction.php(49): PostController->actionIndex()
#12 /Users/kola/Sites/yiiblog/framework/web/CController.php(308): CInlineAction->runWithParams(Array)
#13 /Users/kola/Sites/yiiblog/framework/web/filters/CFilterChain.php(133): CController->runAction(Object(CInlineAction))
#14 /Users/kola/Sites/yiiblog/framework/web/filters/CFilter.php(40): CFilterChain->run()
#15 /Users/kola/Sites/yiiblog/framework/web/CController.php(1145): CFilter->filter(Object(CFilterChain))
#16 /Users/kola/Sites/yiiblog/framework/web/filters/CInlineFilter.php(58): CController->filterAccessControl(Object(CFilterChain))
#17 /Users/kola/Sites/yiiblog/framework/web/filters/CFilterChain.php(130): CInlineFilter->filter(Object(CFilterChain))
#18 /Users/kola/Sites/yiiblog/framework/web/CController.php(291): CFilterChain->run()
#19 /Users/kola/Sites/yiiblog/framework/web/CController.php(265): CController->runActionWithFilters(Object(CInlineAction), Array)
#20 /Users/kola/Sites/yiiblog/framework/web/CWebApplication.php(282): CController->run('index')
#21 /Users/kola/Sites/yiiblog/framework/web/CWebApplication.php(141): CWebApplication->runController('post/index')
#22 /Users/kola/Sites/yiiblog/framework/base/CApplication.php(180): CWebApplication->processRequest()
#23 /Users/kola/Sites/yiiblog/index.php(13): CApplication->run()
#24 {main}
REQUEST_URI=/yiiblog/index.php?r=post/index
---
2013/11/07 23:56:37 [error] [exception.CHttpException.403] exception 'CHttpException' with message 'You are not authorized to perform this action.' in /Users/kola/Sites/yiiblog/framework/web/auth/CAccessControlFilter.php:182
Stack trace:
#0 /Users/kola/Sites/yiiblog/framework/web/auth/CAccessControlFilter.php(145): CAccessControlFilter->accessDenied(Object(CWebUser), 'You are not aut...')
#1 /Users/kola/Sites/yiiblog/framework/web/filters/CFilter.php(38): CAccessControlFilter->preFilter(Object(CFilterChain))
#2 /Users/kola/Sites/yiiblog/framework/web/CController.php(1145): CFilter->filter(Object(CFilterChain))
#3 /Users/kola/Sites/yiiblog/framework/web/filters/CInlineFilter.php(58): CController->filterAccessControl(Object(CFilterChain))
#4 /Users/kola/Sites/yiiblog/framework/web/filters/CFilterChain.php(130): CInlineFilter->filter(Object(CFilterChain))
#5 /Users/kola/Sites/yiiblog/framework/web/CController.php(291): CFilterChain->run()
#6 /Users/kola/Sites/yiiblog/framework/web/CController.php(265): CController->runActionWithFilters(Object(CInlineAction), Array)
#7 /Users/kola/Sites/yiiblog/framework/web/CWebApplication.php(282): CController->run('admin')
#8 /Users/kola/Sites/yiiblog/framework/web/CWebApplication.php(141): CWebApplication->runController('post/admin')
#9 /Users/kola/Sites/yiiblog/framework/base/CApplication.php(180): CWebApplication->processRequest()
#10 /Users/kola/Sites/yiiblog/index.php(13): CApplication->run()
#11 {main}
REQUEST_URI=/yiiblog/index.php?r=post/admin
HTTP_REFERER=http://localhost/yiiblog/index.php?r=post/index
---
2013/11/07 23:58:43 [error] [exception.CHttpException.403] exception 'CHttpException' with message 'You are not authorized to perform this action.' in /Users/kola/Sites/yiiblog/framework/web/auth/CAccessControlFilter.php:182
Stack trace:
#0 /Users/kola/Sites/yiiblog/framework/web/auth/CAccessControlFilter.php(145): CAccessControlFilter->accessDenied(Object(CWebUser), 'You are not aut...')
#1 /Users/kola/Sites/yiiblog/framework/web/filters/CFilter.php(38): CAccessControlFilter->preFilter(Object(CFilterChain))
#2 /Users/kola/Sites/yiiblog/framework/web/CController.php(1145): CFilter->filter(Object(CFilterChain))
#3 /Users/kola/Sites/yiiblog/framework/web/filters/CInlineFilter.php(58): CController->filterAccessControl(Object(CFilterChain))
#4 /Users/kola/Sites/yiiblog/framework/web/filters/CFilterChain.php(130): CInlineFilter->filter(Object(CFilterChain))
#5 /Users/kola/Sites/yiiblog/framework/web/CController.php(291): CFilterChain->run()
#6 /Users/kola/Sites/yiiblog/framework/web/CController.php(265): CController->runActionWithFilters(Object(CInlineAction), Array)
#7 /Users/kola/Sites/yiiblog/framework/web/CWebApplication.php(282): CController->run('admin')
#8 /Users/kola/Sites/yiiblog/framework/web/CWebApplication.php(141): CWebApplication->runController('post/admin')
#9 /Users/kola/Sites/yiiblog/framework/base/CApplication.php(180): CWebApplication->processRequest()
#10 /Users/kola/Sites/yiiblog/index.php(13): CApplication->run()
#11 {main}
REQUEST_URI=/yiiblog/index.php?r=post/admin
HTTP_REFERER=http://localhost/yiiblog/index.php?r=post/index
---
2013/11/08 00:09:28 [error] [exception.CHttpException.403] exception 'CHttpException' with message 'You are not authorized to perform this action.' in /Users/kola/Sites/yiiblog/framework/web/auth/CAccessControlFilter.php:182
Stack trace:
#0 /Users/kola/Sites/yiiblog/framework/web/auth/CAccessControlFilter.php(145): CAccessControlFilter->accessDenied(Object(CWebUser), 'You are not aut...')
#1 /Users/kola/Sites/yiiblog/framework/web/filters/CFilter.php(38): CAccessControlFilter->preFilter(Object(CFilterChain))
#2 /Users/kola/Sites/yiiblog/framework/web/CController.php(1145): CFilter->filter(Object(CFilterChain))
#3 /Users/kola/Sites/yiiblog/framework/web/filters/CInlineFilter.php(58): CController->filterAccessControl(Object(CFilterChain))
#4 /Users/kola/Sites/yiiblog/framework/web/filters/CFilterChain.php(130): CInlineFilter->filter(Object(CFilterChain))
#5 /Users/kola/Sites/yiiblog/framework/web/CController.php(291): CFilterChain->run()
#6 /Users/kola/Sites/yiiblog/framework/web/CController.php(265): CController->runActionWithFilters(Object(CInlineAction), Array)
#7 /Users/kola/Sites/yiiblog/framework/web/CWebApplication.php(282): CController->run('admin')
#8 /Users/kola/Sites/yiiblog/framework/web/CWebApplication.php(141): CWebApplication->runController('post/admin')
#9 /Users/kola/Sites/yiiblog/framework/base/CApplication.php(180): CWebApplication->processRequest()
#10 /Users/kola/Sites/yiiblog/index.php(13): CApplication->run()
#11 {main}
REQUEST_URI=/yiiblog/index.php?r=post/admin
HTTP_REFERER=http://localhost/yiiblog/index.php?r=post/index
---
2013/11/08 00:09:32 [error] [exception.CHttpException.403] exception 'CHttpException' with message 'You are not authorized to perform this action.' in /Users/kola/Sites/yiiblog/framework/web/auth/CAccessControlFilter.php:182
Stack trace:
#0 /Users/kola/Sites/yiiblog/framework/web/auth/CAccessControlFilter.php(145): CAccessControlFilter->accessDenied(Object(CWebUser), 'You are not aut...')
#1 /Users/kola/Sites/yiiblog/framework/web/filters/CFilter.php(38): CAccessControlFilter->preFilter(Object(CFilterChain))
#2 /Users/kola/Sites/yiiblog/framework/web/CController.php(1145): CFilter->filter(Object(CFilterChain))
#3 /Users/kola/Sites/yiiblog/framework/web/filters/CInlineFilter.php(58): CController->filterAccessControl(Object(CFilterChain))
#4 /Users/kola/Sites/yiiblog/framework/web/filters/CFilterChain.php(130): CInlineFilter->filter(Object(CFilterChain))
#5 /Users/kola/Sites/yiiblog/framework/web/CController.php(291): CFilterChain->run()
#6 /Users/kola/Sites/yiiblog/framework/web/CController.php(265): CController->runActionWithFilters(Object(CInlineAction), Array)
#7 /Users/kola/Sites/yiiblog/framework/web/CWebApplication.php(282): CController->run('admin')
#8 /Users/kola/Sites/yiiblog/framework/web/CWebApplication.php(141): CWebApplication->runController('post/admin')
#9 /Users/kola/Sites/yiiblog/framework/base/CApplication.php(180): CWebApplication->processRequest()
#10 /Users/kola/Sites/yiiblog/index.php(13): CApplication->run()
#11 {main}
REQUEST_URI=/yiiblog/index.php?r=post/admin
HTTP_REFERER=http://localhost/yiiblog/index.php?r=post/index
---
2013/11/08 00:20:11 [error] [php] Undefined variable: username (/Users/kola/Sites/yiiblog/protected/controllers/SiteController.php:98)
Stack trace:
#0 /Users/kola/Sites/yiiblog/framework/web/CController.php(286): SiteController->runAction()
#1 /Users/kola/Sites/yiiblog/framework/web/CController.php(265): SiteController->runActionWithFilters()
#2 /Users/kola/Sites/yiiblog/framework/web/CWebApplication.php(282): SiteController->run()
#3 /Users/kola/Sites/yiiblog/framework/web/CWebApplication.php(141): CWebApplication->runController()
#4 /Users/kola/Sites/yiiblog/framework/base/CApplication.php(180): CWebApplication->processRequest()
#5 /Users/kola/Sites/yiiblog/index.php(13): CWebApplication->run()
REQUEST_URI=/yiiblog/index.php?r=site/login
in /Users/kola/Sites/yiiblog/protected/controllers/SiteController.php (98)
in /Users/kola/Sites/yiiblog/index.php (13)
2013/11/15 17:41:04 [error] [exception.CDbException] exception 'CDbException' with message 'CDbConnection failed to open the DB connection: SQLSTATE[HY000] [2002] No such file or directory' in /Users/kola/Sites/yiiblog/framework/db/CDbConnection.php:382
Stack trace:
#0 /Users/kola/Sites/yiiblog/framework/db/CDbConnection.php(330): CDbConnection->open()
#1 /Users/kola/Sites/yiiblog/framework/db/CDbConnection.php(308): CDbConnection->setActive(true)
#2 /Users/kola/Sites/yiiblog/framework/base/CModule.php(387): CDbConnection->init()
#3 /Users/kola/Sites/yiiblog/framework/base/CApplication.php(450): CModule->getComponent('db')
#4 /Users/kola/Sites/yiiblog/framework/db/ar/CActiveRecord.php(634): CApplication->getDb()
#5 /Users/kola/Sites/yiiblog/framework/db/ar/CActiveRecord.php(667): CActiveRecord->getDbConnection()
#6 /Users/kola/Sites/yiiblog/framework/db/ar/CActiveRecord.php(1595): CActiveRecord->getCommandBuilder()
#7 /Users/kola/Sites/yiiblog/framework/web/CActiveDataProvider.php(228): CActiveRecord->count(Object(CDbCriteria))
#8 /Users/kola/Sites/yiiblog/framework/web/CDataProvider.php(224): CActiveDataProvider->calculateTotalItemCount()
#9 /Users/kola/Sites/yiiblog/framework/web/CActiveDataProvider.php(178): CDataProvider->getTotalItemCount()
#10 /Users/kola/Sites/yiiblog/framework/web/CDataProvider.php(168): CActiveDataProvider->fetchData()
#11 /Users/kola/Sites/yiiblog/framework/zii/widgets/CBaseListView.php(111): CDataProvider->getData()
#12 /Users/kola/Sites/yiiblog/framework/zii/widgets/CListView.php(211): CBaseListView->init()
#13 /Users/kola/Sites/yiiblog/framework/web/CBaseController.php(147): CListView->init()
#14 /Users/kola/Sites/yiiblog/framework/web/CBaseController.php(172): CBaseController->createWidget('zii.widgets.CLi...', Array)
#15 /Users/kola/Sites/yiiblog/protected/views/post/index.php(20): CBaseController->widget('zii.widgets.CLi...', Array)
#16 /Users/kola/Sites/yiiblog/framework/web/CBaseController.php(126): require('/Users/kola/Sit...')
#17 /Users/kola/Sites/yiiblog/framework/web/CBaseController.php(95): CBaseController->renderInternal('/Users/kola/Sit...', Array, true)
#18 /Users/kola/Sites/yiiblog/framework/web/CController.php(869): CBaseController->renderFile('/Users/kola/Sit...', Array, true)
#19 /Users/kola/Sites/yiiblog/framework/web/CController.php(782): CController->renderPartial('index', Array, true)
#20 /Users/kola/Sites/yiiblog/protected/controllers/PostController.php(128): CController->render('index', Array)
#21 /Users/kola/Sites/yiiblog/framework/web/actions/CInlineAction.php(49): PostController->actionIndex()
#22 /Users/kola/Sites/yiiblog/framework/web/CController.php(308): CInlineAction->runWithParams(Array)
#23 /Users/kola/Sites/yiiblog/framework/web/filters/CFilterChain.php(133): CController->runAction(Object(CInlineAction))
#24 /Users/kola/Sites/yiiblog/framework/web/filters/CFilter.php(40): CFilterChain->run()
#25 /Users/kola/Sites/yiiblog/framework/web/CController.php(1145): CFilter->filter(Object(CFilterChain))
#26 /Users/kola/Sites/yiiblog/framework/web/filters/CInlineFilter.php(58): CController->filterAccessControl(Object(CFilterChain))
#27 /Users/kola/Sites/yiiblog/framework/web/filters/CFilterChain.php(130): CInlineFilter->filter(Object(CFilterChain))
#28 /Users/kola/Sites/yiiblog/framework/web/CController.php(291): CFilterChain->run()
#29 /Users/kola/Sites/yiiblog/framework/web/CController.php(265): CController->runActionWithFilters(Object(CInlineAction), Array)
#30 /Users/kola/Sites/yiiblog/framework/web/CWebApplication.php(282): CController->run('index')
#31 /Users/kola/Sites/yiiblog/framework/web/CWebApplication.php(141): CWebApplication->runController('post/index')
#32 /Users/kola/Sites/yiiblog/framework/base/CApplication.php(180): CWebApplication->processRequest()
#33 /Users/kola/Sites/yiiblog/index.php(13): CApplication->run()
#34 {main}
REQUEST_URI=/yiiblog/index.php?r=post/index
---
2013/11/18 11:23:23 [error] [exception.CHttpException.401] exception 'CHttpException' with message 'Unauthorized' in /Users/kola/Sites/yiiblog/protected/extensions/starship/starship/RestfullYii/filters/ERestFilter.php:61
Stack trace:
#0 /Users/kola/Sites/yiiblog/framework/web/filters/CFilter.php(38): ERestFilter->preFilter(Object(CFilterChain))
#1 /Users/kola/Sites/yiiblog/framework/web/filters/CFilterChain.php(130): CFilter->filter(Object(CFilterChain))
#2 /Users/kola/Sites/yiiblog/framework/web/filters/CFilter.php(40): CFilterChain->run()
#3 /Users/kola/Sites/yiiblog/framework/web/CController.php(1145): CFilter->filter(Object(CFilterChain))
#4 /Users/kola/Sites/yiiblog/framework/web/filters/CInlineFilter.php(58): CController->filterAccessControl(Object(CFilterChain))
#5 /Users/kola/Sites/yiiblog/framework/web/filters/CFilterChain.php(130): CInlineFilter->filter(Object(CFilterChain))
#6 /Users/kola/Sites/yiiblog/framework/web/CController.php(291): CFilterChain->run()
#7 /Users/kola/Sites/yiiblog/framework/web/CController.php(265): CController->runActionWithFilters(Object(EActionRestGET), Array)
#8 /Users/kola/Sites/yiiblog/framework/web/CWebApplication.php(282): CController->run('REST.GET')
#9 /Users/kola/Sites/yiiblog/framework/web/CWebApplication.php(141): CWebApplication->runController('post/REST.GET')
#10 /Users/kola/Sites/yiiblog/framework/base/CApplication.php(180): CWebApplication->processRequest()
#11 /Users/kola/Sites/yiiblog/index.php(13): CApplication->run()
#12 {main}
REQUEST_URI=/yiiblog/api/post
---
2013/11/18 11:24:30 [error] [exception.CHttpException.401] exception 'CHttpException' with message 'Unauthorized' in /Users/kola/Sites/yiiblog/protected/extensions/starship/starship/RestfullYii/filters/ERestFilter.php:61
Stack trace:
#0 /Users/kola/Sites/yiiblog/framework/web/filters/CFilter.php(38): ERestFilter->preFilter(Object(CFilterChain))
#1 /Users/kola/Sites/yiiblog/framework/web/filters/CFilterChain.php(130): CFilter->filter(Object(CFilterChain))
#2 /Users/kola/Sites/yiiblog/framework/web/filters/CFilter.php(40): CFilterChain->run()
#3 /Users/kola/Sites/yiiblog/framework/web/CController.php(1145): CFilter->filter(Object(CFilterChain))
#4 /Users/kola/Sites/yiiblog/framework/web/filters/CInlineFilter.php(58): CController->filterAccessControl(Object(CFilterChain))
#5 /Users/kola/Sites/yiiblog/framework/web/filters/CFilterChain.php(130): CInlineFilter->filter(Object(CFilterChain))
#6 /Users/kola/Sites/yiiblog/framework/web/CController.php(291): CFilterChain->run()
#7 /Users/kola/Sites/yiiblog/framework/web/CController.php(265): CController->runActionWithFilters(Object(EActionRestGET), Array)
#8 /Users/kola/Sites/yiiblog/framework/web/CWebApplication.php(282): CController->run('REST.GET')
#9 /Users/kola/Sites/yiiblog/framework/web/CWebApplication.php(141): CWebApplication->runController('post/REST.GET')
#10 /Users/kola/Sites/yiiblog/framework/base/CApplication.php(180): CWebApplication->processRequest()
#11 /Users/kola/Sites/yiiblog/index.php(13): CApplication->run()
#12 {main}
REQUEST_URI=/yiiblog/api/post
---
2013/11/18 11:24:40 [error] [exception.CDbException] exception 'CDbException' with message 'CDbConnection failed to open the DB connection: SQLSTATE[HY000] [2002] No such file or directory' in /Users/kola/Sites/yiiblog/framework/db/CDbConnection.php:382
Stack trace:
#0 /Users/kola/Sites/yiiblog/framework/db/CDbConnection.php(330): CDbConnection->open()
#1 /Users/kola/Sites/yiiblog/framework/db/CDbConnection.php(308): CDbConnection->setActive(true)
#2 /Users/kola/Sites/yiiblog/framework/base/CModule.php(387): CDbConnection->init()
#3 /Users/kola/Sites/yiiblog/framework/base/CApplication.php(450): CModule->getComponent('db')
#4 /Users/kola/Sites/yiiblog/framework/db/ar/CActiveRecord.php(634): CApplication->getDb()
#5 /Users/kola/Sites/yiiblog/framework/db/ar/CActiveRecord.php(667): CActiveRecord->getDbConnection()
#6 /Users/kola/Sites/yiiblog/framework/db/ar/CActiveRecord.php(1455): CActiveRecord->getCommandBuilder()
#7 /Users/kola/Sites/yiiblog/protected/components/UserIdentity.php(22): CActiveRecord->find('LOWER(username)...', Array)
#8 /Users/kola/Sites/yiiblog/protected/controllers/SiteController.php(101): UserIdentity->authenticate()
#9 /Users/kola/Sites/yiiblog/framework/web/actions/CInlineAction.php(49): SiteController->actionLogin()
#10 /Users/kola/Sites/yiiblog/framework/web/CController.php(308): CInlineAction->runWithParams(Array)
#11 /Users/kola/Sites/yiiblog/framework/web/CController.php(286): CController->runAction(Object(CInlineAction))
#12 /Users/kola/Sites/yiiblog/framework/web/CController.php(265): CController->runActionWithFilters(Object(CInlineAction), Array)
#13 /Users/kola/Sites/yiiblog/framework/web/CWebApplication.php(282): CController->run('login')
#14 /Users/kola/Sites/yiiblog/framework/web/CWebApplication.php(141): CWebApplication->runController('site/login')
#15 /Users/kola/Sites/yiiblog/framework/base/CApplication.php(180): CWebApplication->processRequest()
#16 /Users/kola/Sites/yiiblog/index.php(13): CApplication->run()
#17 {main}
REQUEST_URI=/yiiblog/site/login
HTTP_REFERER=http://localhost/yiiblog/site/login
---
2013/11/18 11:25:24 [error] [exception.CHttpException.401] exception 'CHttpException' with message 'Unauthorized' in /Users/kola/Sites/yiiblog/protected/extensions/starship/starship/RestfullYii/filters/ERestFilter.php:61
Stack trace:
#0 /Users/kola/Sites/yiiblog/framework/web/filters/CFilter.php(38): ERestFilter->preFilter(Object(CFilterChain))
#1 /Users/kola/Sites/yiiblog/framework/web/filters/CFilterChain.php(130): CFilter->filter(Object(CFilterChain))
#2 /Users/kola/Sites/yiiblog/framework/web/filters/CFilter.php(40): CFilterChain->run()
#3 /Users/kola/Sites/yiiblog/framework/web/CController.php(1145): CFilter->filter(Object(CFilterChain))
#4 /Users/kola/Sites/yiiblog/framework/web/filters/CInlineFilter.php(58): CController->filterAccessControl(Object(CFilterChain))
#5 /Users/kola/Sites/yiiblog/framework/web/filters/CFilterChain.php(130): CInlineFilter->filter(Object(CFilterChain))
#6 /Users/kola/Sites/yiiblog/framework/web/CController.php(291): CFilterChain->run()
#7 /Users/kola/Sites/yiiblog/framework/web/CController.php(265): CController->runActionWithFilters(Object(EActionRestGET), Array)
#8 /Users/kola/Sites/yiiblog/framework/web/CWebApplication.php(282): CController->run('REST.GET')
#9 /Users/kola/Sites/yiiblog/framework/web/CWebApplication.php(141): CWebApplication->runController('post/REST.GET')
#10 /Users/kola/Sites/yiiblog/framework/base/CApplication.php(180): CWebApplication->processRequest()
#11 /Users/kola/Sites/yiiblog/index.php(13): CApplication->run()
#12 {main}
REQUEST_URI=/yiiblog/api/post
---
2013/11/18 11:25:25 [error] [exception.CHttpException.401] exception 'CHttpException' with message 'Unauthorized' in /Users/kola/Sites/yiiblog/protected/extensions/starship/starship/RestfullYii/filters/ERestFilter.php:61
Stack trace:
#0 /Users/kola/Sites/yiiblog/framework/web/filters/CFilter.php(38): ERestFilter->preFilter(Object(CFilterChain))
#1 /Users/kola/Sites/yiiblog/framework/web/filters/CFilterChain.php(130): CFilter->filter(Object(CFilterChain))
#2 /Users/kola/Sites/yiiblog/framework/web/filters/CFilter.php(40): CFilterChain->run()
#3 /Users/kola/Sites/yiiblog/framework/web/CController.php(1145): CFilter->filter(Object(CFilterChain))
#4 /Users/kola/Sites/yiiblog/framework/web/filters/CInlineFilter.php(58): CController->filterAccessControl(Object(CFilterChain))
#5 /Users/kola/Sites/yiiblog/framework/web/filters/CFilterChain.php(130): CInlineFilter->filter(Object(CFilterChain))
#6 /Users/kola/Sites/yiiblog/framework/web/CController.php(291): CFilterChain->run()
#7 /Users/kola/Sites/yiiblog/framework/web/CController.php(265): CController->runActionWithFilters(Object(EActionRestGET), Array)
#8 /Users/kola/Sites/yiiblog/framework/web/CWebApplication.php(282): CController->run('REST.GET')
#9 /Users/kola/Sites/yiiblog/framework/web/CWebApplication.php(141): CWebApplication->runController('post/REST.GET')
#10 /Users/kola/Sites/yiiblog/framework/base/CApplication.php(180): CWebApplication->processRequest()
#11 /Users/kola/Sites/yiiblog/index.php(13): CApplication->run()
#12 {main}
REQUEST_URI=/yiiblog/api/post
---
